<?xml version="1.0" encoding="UTF-8"?>
<!-- Generated by org.testng.reporters.JUnitXMLReporter -->
<testsuite ignored="0" hostname="LAPTOP-CCP14ABS" failures="1" tests="8" name="Surefire test" time="15.582" errors="0" timestamp="2024-12-05T17:38:56 IST">
  <testcase classname="api.test.DDTest" name="testPostUser" time="3.023"/>
  <testcase classname="api.test.DDTest" name="testPostUser" time="1.485"/>
  <testcase classname="api.test.DDTest" name="testPostUser" time="1.501"/>
  <testcase classname="api.test.DDTest" name="testDeleteUserByName" time="0.0">
    <failure type="org.testng.TestNGException" message="
Method public void api.test.DDTest.testDeleteUserByName(java.lang.String) requires a @DataProvider named : UserNames in class api.utilities.DataProvider">
      <![CDATA[org.testng.TestNGException: 
Method public void api.test.DDTest.testDeleteUserByName(java.lang.String) requires a @DataProvider named : UserNames in class api.utilities.DataProvider
at java.base/java.util.ArrayList.forEach(ArrayList.java:1511)
... Removed 29 stack frames]]>
    </failure>
  </testcase> <!-- testDeleteUserByName -->
  <testcase classname="api.test.UserTest" name="TestPostUser" time="1.598"/>
  <testcase classname="api.test.UserTest" name="testGetUserByName" time="1.608"/>
  <testcase classname="api.test.UserTest" name="testupdateUser" time="3.125"/>
  <testcase classname="api.test.UserTest" name="testDeleteByName" time="1.623"/>
</testsuite> <!-- Surefire test -->
