<?xml version="1.0" encoding="UTF-8"?>
<!-- Generated by org.testng.reporters.JUnitXMLReporter -->
<testsuite ignored="0" hostname="LAPTOP-CCP14ABS" failures="0" tests="4" name="Test" time="9.852" errors="0" timestamp="2024-12-05T17:26:23 IST">
  <testcase classname="api.test.UserTest2" name="TestPostUser" time="2.897"/>
  <testcase classname="api.test.UserTest2" name="testGetUserByName" time="1.638"/>
  <testcase classname="api.test.UserTest2" name="testupdateUser" time="3.099"/>
  <testcase classname="api.test.UserTest2" name="testDeleteByName" time="1.562"/>
</testsuite> <!-- Test -->
