<?xml version="1.0" encoding="UTF-8"?>
<!-- Generated by org.testng.reporters.JUnitXMLReporter -->
<testsuite ignored="0" hostname="LAPTOP-CCP14ABS" failures="0" tests="4" name="Test" time="11.65" errors="0" timestamp="2024-12-05T22:24:07 IST">
  <testcase classname="api.test.UserTest2" name="TestPostUser" time="3.877"/>
  <testcase classname="api.test.UserTest2" name="testGetUserByName" time="1.654"/>
  <testcase classname="api.test.UserTest2" name="testupdateUser" time="3.586"/>
  <testcase classname="api.test.UserTest2" name="testDeleteByName" time="1.637"/>
</testsuite> <!-- Test -->
