<?xml version="1.0" encoding="UTF-8"?>
<testng-results ignored="0" total="4" passed="4" failed="0" skipped="0">
  <reporter-output>
  </reporter-output>
  <suite started-at="2024-12-05T22:23:54 IST" name="Suite" finished-at="2024-12-05T22:24:06 IST" duration-ms="11650">
    <groups>
    </groups>
    <test started-at="2024-12-05T22:23:54 IST" name="Test" finished-at="2024-12-05T22:24:06 IST" duration-ms="11650">
      <class name="api.test.UserTest2">
        <test-method is-config="true" signature="setupData()[pri:0, instance:api.test.UserTest2@1d119efb]" started-at="2024-12-05T22:23:55 IST" name="setupData" finished-at="2024-12-05T22:23:55 IST" duration-ms="649" status="PASS">
          <reporter-output>
          </reporter-output>
        </test-method> <!-- setupData -->
        <test-method signature="TestPostUser()[pri:1, instance:api.test.UserTest2@1d119efb]" started-at="2024-12-05T22:23:55 IST" name="TestPostUser" finished-at="2024-12-05T22:23:59 IST" duration-ms="3877" status="PASS">
          <reporter-output>
          </reporter-output>
        </test-method> <!-- TestPostUser -->
        <test-method signature="testGetUserByName()[pri:2, instance:api.test.UserTest2@1d119efb]" started-at="2024-12-05T22:23:59 IST" name="testGetUserByName" finished-at="2024-12-05T22:24:01 IST" duration-ms="1654" status="PASS">
          <reporter-output>
          </reporter-output>
        </test-method> <!-- testGetUserByName -->
        <test-method signature="testupdateUser()[pri:3, instance:api.test.UserTest2@1d119efb]" started-at="2024-12-05T22:24:01 IST" name="testupdateUser" finished-at="2024-12-05T22:24:04 IST" duration-ms="3586" status="PASS">
          <reporter-output>
          </reporter-output>
        </test-method> <!-- testupdateUser -->
        <test-method signature="testDeleteByName()[pri:4, instance:api.test.UserTest2@1d119efb]" started-at="2024-12-05T22:24:04 IST" name="testDeleteByName" finished-at="2024-12-05T22:24:06 IST" duration-ms="1637" status="PASS">
          <reporter-output>
          </reporter-output>
        </test-method> <!-- testDeleteByName -->
      </class> <!-- api.test.UserTest2 -->
    </test> <!-- Test -->
  </suite> <!-- Suite -->
</testng-results>
