<?xml version="1.0" encoding="UTF-8"?>
<testng-results ignored="0" total="4" passed="4" failed="0" skipped="0">
  <reporter-output>
  </reporter-output>
  <suite started-at="2024-12-05T17:26:13 IST" name="Suite" finished-at="2024-12-05T17:26:22 IST" duration-ms="9852">
    <groups>
    </groups>
    <test started-at="2024-12-05T17:26:13 IST" name="Test" finished-at="2024-12-05T17:26:22 IST" duration-ms="9852">
      <class name="api.test.UserTest2">
        <test-method is-config="true" signature="setupData()[pri:0, instance:api.test.UserTest2@4dbb42b7]" started-at="2024-12-05T17:26:13 IST" name="setupData" finished-at="2024-12-05T17:26:13 IST" duration-ms="444" status="PASS">
          <reporter-output>
          </reporter-output>
        </test-method> <!-- setupData -->
        <test-method signature="TestPostUser()[pri:1, instance:api.test.UserTest2@4dbb42b7]" started-at="2024-12-05T17:26:13 IST" name="TestPostUser" finished-at="2024-12-05T17:26:16 IST" duration-ms="2897" status="PASS">
          <reporter-output>
          </reporter-output>
        </test-method> <!-- TestPostUser -->
        <test-method signature="testGetUserByName()[pri:2, instance:api.test.UserTest2@4dbb42b7]" started-at="2024-12-05T17:26:16 IST" name="testGetUserByName" finished-at="2024-12-05T17:26:18 IST" duration-ms="1638" status="PASS">
          <reporter-output>
          </reporter-output>
        </test-method> <!-- testGetUserByName -->
        <test-method signature="testupdateUser()[pri:3, instance:api.test.UserTest2@4dbb42b7]" started-at="2024-12-05T17:26:18 IST" name="testupdateUser" finished-at="2024-12-05T17:26:21 IST" duration-ms="3099" status="PASS">
          <reporter-output>
          </reporter-output>
        </test-method> <!-- testupdateUser -->
        <test-method signature="testDeleteByName()[pri:4, instance:api.test.UserTest2@4dbb42b7]" started-at="2024-12-05T17:26:21 IST" name="testDeleteByName" finished-at="2024-12-05T17:26:22 IST" duration-ms="1562" status="PASS">
          <reporter-output>
          </reporter-output>
        </test-method> <!-- testDeleteByName -->
      </class> <!-- api.test.UserTest2 -->
    </test> <!-- Test -->
  </suite> <!-- Suite -->
</testng-results>
